*******************************************************************************
Wed Apr 21 08:56:30 2021 #CALOR ESPECIFICO


FIT:    data read from "BETAS CRITICOS PARABOLAS FINAL.txt" u 2:3:4 yerrors
        format = x:z:s
        #datapoints = 7
function used for fitting: f(x)
	f(x)=a*x+b
fitted parameters initialized with current variable values

iter      chisq       delta/lim  lambda   a             b            
   0 5.1845807364e+04   0.00e+00  9.15e+01    1.000000e+00   1.000000e+00
   5 1.4192492678e-01  -7.32e-06  9.15e-04   -3.138455e-01   4.448667e-01

After 5 iterations the fit converged.
final sum of squares of residuals : 0.141925
rel. change during last iteration : -7.32347e-11

degrees of freedom    (FIT_NDF)                        : 5
rms of residuals      (FIT_STDFIT) = sqrt(WSSR/ndf)    : 0.168478
variance of residuals (reduced chisquare) = WSSR/ndf   : 0.028385
p-value of the Chisq distribution (FIT_P)              : 0.999616

Final set of parameters            Asymptotic Standard Error
=======================            ==========================
a               = -0.313846        +/- 0.01598      (5.091%)
b               = 0.444867         +/- 0.001441     (0.3238%)

correlation matrix of the fit parameters:
                a      b      
a               1.000 
b              -0.939  1.000 


*******************************************************************************
Wed Apr 21 09:02:31 2021 #SUSCEPTIBILIDAD


FIT:    data read from "BETAS CRITICOS PARABOLAS FINAL.txt" u 2:5:6 yerrors
        format = x:z:s
        #datapoints = 7
function used for fitting: g(x)
	g(x)=c*x+d
fitted parameters initialized with current variable values

iter      chisq       delta/lim  lambda   c             d            
   0 5.0112552532e+04   0.00e+00  8.53e+01    1.000000e+00   1.000000e+00
   5 5.5164927236e-03  -3.85e-05  8.53e-04   -4.430582e-01   4.412175e-01

After 5 iterations the fit converged.
final sum of squares of residuals : 0.00551649
rel. change during last iteration : -3.85154e-10

degrees of freedom    (FIT_NDF)                        : 5
rms of residuals      (FIT_STDFIT) = sqrt(WSSR/ndf)    : 0.0332159
variance of residuals (reduced chisquare) = WSSR/ndf   : 0.0011033
p-value of the Chisq distribution (FIT_P)              : 1

Final set of parameters            Asymptotic Standard Error
=======================            ==========================
c               = -0.443058        +/- 0.002788     (0.6292%)
d               = 0.441217         +/- 0.0002986    (0.06768%)

correlation matrix of the fit parameters:
                c      d      
c               1.000 
d              -0.937  1.000 
