

*******************************************************************************
Tue Apr 20 11:58:28 2021


FIT:    data read from "datos.txt" u 1:10:11 yerrors
        format = x:z:s
        x range restricted to [0.415000 : 0.455000]
        #datapoints = 41
function used for fitting: g(x)
	g(x)=m*x*x+n*x+l
fitted parameters initialized with current variable values

iter      chisq       delta/lim  lambda   m             n             l            
   0 3.0211938771e+02   0.00e+00  7.68e+04   -2.861144e+05   2.470632e+05  -5.324092e+04
   1 3.0211938771e+02   0.00e+00  7.68e+03   -2.861144e+05   2.470632e+05  -5.324092e+04

After 1 iterations the fit converged.
final sum of squares of residuals : 302.119
rel. change during last iteration : 0

degrees of freedom    (FIT_NDF)                        : 38
rms of residuals      (FIT_STDFIT) = sqrt(WSSR/ndf)    : 2.81966
variance of residuals (reduced chisquare) = WSSR/ndf   : 7.95051
p-value of the Chisq distribution (FIT_P)              : 0

Final set of parameters            Asymptotic Standard Error
=======================            ==========================
m               = -286114          +/- 1.55e+04     (5.418%)
n               = 247063           +/- 1.329e+04    (5.378%)
l               = -53240.9         +/- 2847         (5.347%)

correlation matrix of the fit parameters:
                m      n      l      
m               1.000 
n              -1.000  1.000 
l               1.000 -1.000  1.000 
