

*******************************************************************************
Tue Apr 20 11:54:34 2021


FIT:    data read from "datos.txt" u 1:8:9 yerrors
        format = x:z:s
        x range restricted to [0.415000 : 0.455000]
        #datapoints = 62
function used for fitting: g(x)
	g(x)=m*x*x+n*x+l
fitted parameters initialized with current variable values

iter      chisq       delta/lim  lambda   m             n             l            
   0 6.9900295639e+07   0.00e+00  1.05e+06   -2.524106e+05   2.179758e+05  -4.696710e+04
   7 3.7460864041e+02  -3.17e-05  1.05e-01   -7.467267e+03   6.515779e+03  -1.416084e+03

After 7 iterations the fit converged.
final sum of squares of residuals : 374.609
rel. change during last iteration : -3.16715e-10

degrees of freedom    (FIT_NDF)                        : 59
rms of residuals      (FIT_STDFIT) = sqrt(WSSR/ndf)    : 2.51978
variance of residuals (reduced chisquare) = WSSR/ndf   : 6.3493
p-value of the Chisq distribution (FIT_P)              : 0

Final set of parameters            Asymptotic Standard Error
=======================            ==========================
m               = -7467.27         +/- 276.8        (3.707%)
n               = 6515.78          +/- 240.8        (3.696%)
l               = -1416.08         +/- 52.36        (3.697%)

correlation matrix of the fit parameters:
                m      n      l      
m               1.000 
n              -1.000  1.000 
l               1.000 -1.000  1.000 
